<?xml version="1.0" encoding="UTF-8"?>
<!-- Generated by org.testng.reporters.JUnitReportReporter -->
<testsuite hostname="IN-BLBN0F3" failures="0" tests="2" name="test.amazontest" time="6.874" errors="0" timestamp="2024-04-10T12:23:18 IST" skipped="0">
  <testcase classname="test.amazontest" name="verifySearchFunctionality" time="5.367"/>
  <testcase classname="test.amazontest" name="verifyPageTitle" time="1.507"/>
</testsuite> <!-- test.amazontest -->
